{"/Users/ejmcculley/Desktop/Epicodus/super-galactic/src/age-calculator.js": {"path":"/Users/ejmcculley/Desktop/Epicodus/super-galactic/src/age-calculator.js","statementMap":{"0":{"start":{"line":3,"column":4},"end":{"line":3,"column":29}},"1":{"start":{"line":4,"column":4},"end":{"line":4,"column":33}},"2":{"start":{"line":5,"column":4},"end":{"line":5,"column":29}},"3":{"start":{"line":6,"column":4},"end":{"line":6,"column":27}},"4":{"start":{"line":7,"column":4},"end":{"line":7,"column":33}},"5":{"start":{"line":10,"column":15},"end":{"line":10,"column":34}},"6":{"start":{"line":10,"column":21},"end":{"line":10,"column":34}},"7":{"start":{"line":11,"column":17},"end":{"line":11,"column":93}},"8":{"start":{"line":11,"column":23},"end":{"line":11,"column":93}},"9":{"start":{"line":12,"column":15},"end":{"line":12,"column":89}},"10":{"start":{"line":12,"column":21},"end":{"line":12,"column":89}},"11":{"start":{"line":13,"column":14},"end":{"line":13,"column":85}},"12":{"start":{"line":13,"column":20},"end":{"line":13,"column":85}},"13":{"start":{"line":14,"column":17},"end":{"line":14,"column":92}},"14":{"start":{"line":14,"column":23},"end":{"line":14,"column":92}},"15":{"start":{"line":16,"column":13},"end":{"line":23,"column":3}},"16":{"start":{"line":17,"column":21},"end":{"line":17,"column":37}},"17":{"start":{"line":18,"column":4},"end":{"line":22,"column":5}},"18":{"start":{"line":19,"column":4},"end":{"line":19,"column":46}},"19":{"start":{"line":21,"column":6},"end":{"line":21,"column":69}}},"fnMap":{"0":{"name":"(anonymous_0)","decl":{"start":{"line":2,"column":2},"end":{"line":2,"column":3}},"loc":{"start":{"line":2,"column":67},"end":{"line":8,"column":3}},"line":2},"1":{"name":"(anonymous_1)","decl":{"start":{"line":10,"column":15},"end":{"line":10,"column":16}},"loc":{"start":{"line":10,"column":21},"end":{"line":10,"column":34}},"line":10},"2":{"name":"(anonymous_2)","decl":{"start":{"line":11,"column":17},"end":{"line":11,"column":18}},"loc":{"start":{"line":11,"column":23},"end":{"line":11,"column":93}},"line":11},"3":{"name":"(anonymous_3)","decl":{"start":{"line":12,"column":15},"end":{"line":12,"column":16}},"loc":{"start":{"line":12,"column":21},"end":{"line":12,"column":89}},"line":12},"4":{"name":"(anonymous_4)","decl":{"start":{"line":13,"column":14},"end":{"line":13,"column":15}},"loc":{"start":{"line":13,"column":20},"end":{"line":13,"column":85}},"line":13},"5":{"name":"(anonymous_5)","decl":{"start":{"line":14,"column":17},"end":{"line":14,"column":18}},"loc":{"start":{"line":14,"column":23},"end":{"line":14,"column":92}},"line":14},"6":{"name":"(anonymous_6)","decl":{"start":{"line":16,"column":13},"end":{"line":16,"column":14}},"loc":{"start":{"line":16,"column":39},"end":{"line":23,"column":3}},"line":16}},"branchMap":{"0":{"loc":{"start":{"line":18,"column":4},"end":{"line":22,"column":5}},"type":"if","locations":[{"start":{"line":18,"column":4},"end":{"line":22,"column":5}},{"start":{"line":18,"column":4},"end":{"line":22,"column":5}}],"line":18}},"s":{"0":7,"1":7,"2":7,"3":7,"4":7,"5":7,"6":1,"7":7,"8":1,"9":7,"10":1,"11":7,"12":1,"13":7,"14":1,"15":7,"16":2,"17":2,"18":1,"19":1},"f":{"0":7,"1":1,"2":1,"3":1,"4":1,"5":1,"6":2},"b":{"0":[1,1]},"_coverageSchema":"43e27e138ebf9cfc5966b082cf9a028302ed4184","hash":"9201ea73752167f73f6e44034d11ac6e564968b4"}
}
